<?xml version="1.0" encoding="UTF-8"?>
<testsuite xmlns:xsi="http://www.w3.org/2001/XMLSchema-instance" xsi:noNamespaceSchemaLocation="https://maven.apache.org/surefire/maven-surefire-plugin/xsd/surefire-test-report-3.0.xsd" version="3.0" name="zigZagTraversalProblemTest.zigZagTraversalTest" time="0.156" tests="5" errors="0" skipped="0" failures="0">
  <properties>
[...]
</properties>
  <testcase name="zigZagTraversalTests[0]" classname="zigZagTraversalProblemTest.zigZagTraversalTest" time="0.011">
    <system-out><![CDATA[Test:isRootIsEmpty
inside height
assertEquals
]]></system-out>
  </testcase>
  <testcase name="zigZagTraversalTests[1]" classname="zigZagTraversalProblemTest.zigZagTraversalTest" time="0.034">
    <system-out><![CDATA[Test:isRootIsNotEmpty
inside height
beforeleft
inside height
leftHeight-->0
inside height
rightHeight-->0
inside height
beforeleft
inside height
leftHeight-->0
inside height
rightHeight-->0
1 traversed-->1
k-->0i-->0tra-->1
assertNotEquals
]]></system-out>
  </testcase>
  <testcase name="zigZagTraversalTests[2]" classname="zigZagTraversalProblemTest.zigZagTraversalTest" time="0.006">
    <system-out><![CDATA[Test:getHeightofBinaryTreeTest
inside height
beforeleft
inside height
beforeleft
inside height
leftHeight-->0
inside height
rightHeight-->0
leftHeight-->1
inside height
beforeleft
inside height
leftHeight-->0
inside height
rightHeight-->0
rightHeight-->1
inside height
beforeleft
inside height
beforeleft
inside height
leftHeight-->0
inside height
rightHeight-->0
leftHeight-->1
inside height
beforeleft
inside height
leftHeight-->0
inside height
rightHeight-->0
rightHeight-->1
1 traversed-->1
3 traversed-->3
2 traversed-->2
k-->0i-->0tra-->1
k-->1i-->1tra-->3
k-->2i-->2tra-->2
assertArrayEquals
]]></system-out>
  </testcase>
  <testcase name="zigZagTraversalTests[3]" classname="zigZagTraversalProblemTest.zigZagTraversalTest" time="0.018">
    <system-out><![CDATA[Test:forFullBinaryTreeTest
inside height
beforeleft
inside height
beforeleft
inside height
beforeleft
inside height
leftHeight-->0
inside height
rightHeight-->0
leftHeight-->1
inside height
beforeleft
inside height
leftHeight-->0
inside height
rightHeight-->0
rightHeight-->1
leftHeight-->2
inside height
beforeleft
inside height
beforeleft
inside height
leftHeight-->0
inside height
rightHeight-->0
leftHeight-->1
inside height
beforeleft
inside height
leftHeight-->0
inside height
rightHeight-->0
rightHeight-->1
rightHeight-->2
inside height
beforeleft
inside height
beforeleft
inside height
beforeleft
inside height
leftHeight-->0
inside height
rightHeight-->0
leftHeight-->1
inside height
beforeleft
inside height
leftHeight-->0
inside height
rightHeight-->0
rightHeight-->1
leftHeight-->2
inside height
beforeleft
inside height
beforeleft
inside height
leftHeight-->0
inside height
rightHeight-->0
leftHeight-->1
inside height
beforeleft
inside height
leftHeight-->0
inside height
rightHeight-->0
rightHeight-->1
rightHeight-->2
1 traversed-->1
3 traversed-->3
2 traversed-->2
4 traversed-->4
5 traversed-->5
6 traversed-->6
7 traversed-->7
k-->0i-->0tra-->1
k-->1i-->1tra-->3
k-->2i-->2tra-->2
k-->3i-->3tra-->4
k-->4i-->4tra-->5
k-->5i-->5tra-->6
k-->6i-->6tra-->7
assertArrayEquals
]]></system-out>
  </testcase>
  <testcase name="zigZagTraversalTests[4]" classname="zigZagTraversalProblemTest.zigZagTraversalTest" time="0.014">
    <system-out><![CDATA[Test:forSomeNodesWithNoChildTest
inside height
beforeleft
inside height
beforeleft
inside height
leftHeight-->0
inside height
beforeleft
inside height
leftHeight-->0
inside height
rightHeight-->0
rightHeight-->1
leftHeight-->2
inside height
beforeleft
inside height
beforeleft
inside height
leftHeight-->0
inside height
rightHeight-->0
leftHeight-->1
inside height
rightHeight-->0
rightHeight-->2
inside height
beforeleft
inside height
beforeleft
inside height
leftHeight-->0
inside height
beforeleft
inside height
leftHeight-->0
inside height
rightHeight-->0
rightHeight-->1
leftHeight-->2
inside height
beforeleft
inside height
beforeleft
inside height
leftHeight-->0
inside height
rightHeight-->0
leftHeight-->1
inside height
rightHeight-->0
rightHeight-->2
1 traversed-->1
3 traversed-->3
2 traversed-->2
5 traversed-->5
6 traversed-->6
k-->0i-->0tra-->1
k-->1i-->1tra-->3
k-->2i-->2tra-->2
k-->3i-->4tra-->5
k-->4i-->5tra-->6
assertArrayEquals
]]></system-out>
  </testcase>
</testsuite>